<?xml version="1.0" encoding="UTF-8"?>
<testsuite xmlns:xsi="http://www.w3.org/2001/XMLSchema-instance" xsi:noNamespaceSchemaLocation="https://maven.apache.org/surefire/maven-surefire-plugin/xsd/surefire-test-report.xsd" name="com.lango.demo.AppTest" time="0.056" tests="1" errors="0" skipped="0" failures="0">
  <properties>
    <property name="sun.desktop" value="windows"/>
    <property name="awt.toolkit" value="sun.awt.windows.WToolkit"/>
    <property name="file.encoding.pkg" value="sun.io"/>
    <property name="java.specification.version" value="1.8"/>
    <property name="sun.cpu.isalist" value="amd64"/>
    <property name="sun.jnu.encoding" value="GBK"/>
    <property name="java.class.path" value="e:\Internship\demo\target\test-classes;e:\Internship\demo\target\classes;E:\Internship\apache-maven-3.6.3\conf\repo\junit\junit\4.11\junit-4.11.jar;E:\Internship\apache-maven-3.6.3\conf\repo\org\hamcrest\hamcrest-core\1.3\hamcrest-core-1.3.jar;E:\Internship\apache-maven-3.6.3\conf\repo\org\springframework\boot\spring-boot-starter-web\2.0.2.RELEASE\spring-boot-starter-web-2.0.2.RELEASE.jar;E:\Internship\apache-maven-3.6.3\conf\repo\org\springframework\boot\spring-boot-starter\2.0.2.RELEASE\spring-boot-starter-2.0.2.RELEASE.jar;E:\Internship\apache-maven-3.6.3\conf\repo\org\springframework\boot\spring-boot\2.0.2.RELEASE\spring-boot-2.0.2.RELEASE.jar;E:\Internship\apache-maven-3.6.3\conf\repo\org\springframework\boot\spring-boot-autoconfigure\2.0.2.RELEASE\spring-boot-autoconfigure-2.0.2.RELEASE.jar;E:\Internship\apache-maven-3.6.3\conf\repo\org\springframework\boot\spring-boot-starter-logging\2.0.2.RELEASE\spring-boot-starter-logging-2.0.2.RELEASE.jar;E:\Internship\apache-maven-3.6.3\conf\repo\ch\qos\logback\logback-classic\1.2.3\logback-classic-1.2.3.jar;E:\Internship\apache-maven-3.6.3\conf\repo\ch\qos\logback\logback-core\1.2.3\logback-core-1.2.3.jar;E:\Internship\apache-maven-3.6.3\conf\repo\org\slf4j\slf4j-api\1.7.25\slf4j-api-1.7.25.jar;E:\Internship\apache-maven-3.6.3\conf\repo\org\apache\logging\log4j\log4j-to-slf4j\2.10.0\log4j-to-slf4j-2.10.0.jar;E:\Internship\apache-maven-3.6.3\conf\repo\org\apache\logging\log4j\log4j-api\2.10.0\log4j-api-2.10.0.jar;E:\Internship\apache-maven-3.6.3\conf\repo\org\slf4j\jul-to-slf4j\1.7.25\jul-to-slf4j-1.7.25.jar;E:\Internship\apache-maven-3.6.3\conf\repo\javax\annotation\javax.annotation-api\1.3.2\javax.annotation-api-1.3.2.jar;E:\Internship\apache-maven-3.6.3\conf\repo\org\springframework\spring-core\5.0.6.RELEASE\spring-core-5.0.6.RELEASE.jar;E:\Internship\apache-maven-3.6.3\conf\repo\org\springframework\spring-jcl\5.0.6.RELEASE\spring-jcl-5.0.6.RELEASE.jar;E:\Internship\apache-maven-3.6.3\conf\repo\org\yaml\snakeyaml\1.19\snakeyaml-1.19.jar;E:\Internship\apache-maven-3.6.3\conf\repo\org\springframework\boot\spring-boot-starter-json\2.0.2.RELEASE\spring-boot-starter-json-2.0.2.RELEASE.jar;E:\Internship\apache-maven-3.6.3\conf\repo\com\fasterxml\jackson\core\jackson-databind\2.9.5\jackson-databind-2.9.5.jar;E:\Internship\apache-maven-3.6.3\conf\repo\com\fasterxml\jackson\core\jackson-annotations\2.9.0\jackson-annotations-2.9.0.jar;E:\Internship\apache-maven-3.6.3\conf\repo\com\fasterxml\jackson\core\jackson-core\2.9.5\jackson-core-2.9.5.jar;E:\Internship\apache-maven-3.6.3\conf\repo\com\fasterxml\jackson\datatype\jackson-datatype-jdk8\2.9.5\jackson-datatype-jdk8-2.9.5.jar;E:\Internship\apache-maven-3.6.3\conf\repo\com\fasterxml\jackson\datatype\jackson-datatype-jsr310\2.9.5\jackson-datatype-jsr310-2.9.5.jar;E:\Internship\apache-maven-3.6.3\conf\repo\com\fasterxml\jackson\module\jackson-module-parameter-names\2.9.5\jackson-module-parameter-names-2.9.5.jar;E:\Internship\apache-maven-3.6.3\conf\repo\org\springframework\boot\spring-boot-starter-tomcat\2.0.2.RELEASE\spring-boot-starter-tomcat-2.0.2.RELEASE.jar;E:\Internship\apache-maven-3.6.3\conf\repo\org\apache\tomcat\embed\tomcat-embed-websocket\8.5.31\tomcat-embed-websocket-8.5.31.jar;E:\Internship\apache-maven-3.6.3\conf\repo\org\hibernate\validator\hibernate-validator\6.0.9.Final\hibernate-validator-6.0.9.Final.jar;E:\Internship\apache-maven-3.6.3\conf\repo\javax\validation\validation-api\2.0.1.Final\validation-api-2.0.1.Final.jar;E:\Internship\apache-maven-3.6.3\conf\repo\org\jboss\logging\jboss-logging\3.3.2.Final\jboss-logging-3.3.2.Final.jar;E:\Internship\apache-maven-3.6.3\conf\repo\com\fasterxml\classmate\1.3.4\classmate-1.3.4.jar;E:\Internship\apache-maven-3.6.3\conf\repo\org\springframework\spring-web\5.0.6.RELEASE\spring-web-5.0.6.RELEASE.jar;E:\Internship\apache-maven-3.6.3\conf\repo\org\springframework\spring-beans\5.0.6.RELEASE\spring-beans-5.0.6.RELEASE.jar;E:\Internship\apache-maven-3.6.3\conf\repo\org\springframework\spring-webmvc\5.0.6.RELEASE\spring-webmvc-5.0.6.RELEASE.jar;E:\Internship\apache-maven-3.6.3\conf\repo\org\springframework\spring-aop\5.0.6.RELEASE\spring-aop-5.0.6.RELEASE.jar;E:\Internship\apache-maven-3.6.3\conf\repo\org\springframework\spring-context\5.0.6.RELEASE\spring-context-5.0.6.RELEASE.jar;E:\Internship\apache-maven-3.6.3\conf\repo\org\springframework\spring-expression\5.0.6.RELEASE\spring-expression-5.0.6.RELEASE.jar;E:\Internship\apache-maven-3.6.3\conf\repo\javax\servlet\jstl\1.2\jstl-1.2.jar;E:\Internship\apache-maven-3.6.3\conf\repo\org\apache\tomcat\embed\tomcat-embed-jasper\8.5.31\tomcat-embed-jasper-8.5.31.jar;E:\Internship\apache-maven-3.6.3\conf\repo\org\apache\tomcat\embed\tomcat-embed-core\8.5.31\tomcat-embed-core-8.5.31.jar;E:\Internship\apache-maven-3.6.3\conf\repo\org\apache\tomcat\tomcat-annotations-api\8.5.31\tomcat-annotations-api-8.5.31.jar;E:\Internship\apache-maven-3.6.3\conf\repo\org\apache\tomcat\embed\tomcat-embed-el\8.5.31\tomcat-embed-el-8.5.31.jar;E:\Internship\apache-maven-3.6.3\conf\repo\org\eclipse\jdt\ecj\3.12.3\ecj-3.12.3.jar;"/>
    <property name="java.vm.vendor" value="Oracle Corporation"/>
    <property name="sun.arch.data.model" value="64"/>
    <property name="user.variant" value=""/>
    <property name="java.vendor.url" value="http://java.oracle.com/"/>
    <property name="user.timezone" value="Asia/Shanghai"/>
    <property name="java.vm.specification.version" value="1.8"/>
    <property name="os.name" value="Windows 10"/>
    <property name="user.country" value="CN"/>
    <property name="sun.java.launcher" value="SUN_STANDARD"/>
    <property name="sun.boot.library.path" value="C:\Program Files\Java\jdk1.8.0_91\jre\bin"/>
    <property name="sun.java.command" value="C:\Users\ADMINI~1\AppData\Local\Temp\surefire7007547380258535472\surefirebooter2725111690392312518.jar C:\Users\Administrator\AppData\Local\Temp\surefire7007547380258535472 2020-01-13T10-03-40_937-jvmRun1 surefire7927663829985023566tmp surefire_04134015354292057176tmp"/>
    <property name="surefire.test.class.path" value="e:\Internship\demo\target\test-classes;e:\Internship\demo\target\classes;E:\Internship\apache-maven-3.6.3\conf\repo\junit\junit\4.11\junit-4.11.jar;E:\Internship\apache-maven-3.6.3\conf\repo\org\hamcrest\hamcrest-core\1.3\hamcrest-core-1.3.jar;E:\Internship\apache-maven-3.6.3\conf\repo\org\springframework\boot\spring-boot-starter-web\2.0.2.RELEASE\spring-boot-starter-web-2.0.2.RELEASE.jar;E:\Internship\apache-maven-3.6.3\conf\repo\org\springframework\boot\spring-boot-starter\2.0.2.RELEASE\spring-boot-starter-2.0.2.RELEASE.jar;E:\Internship\apache-maven-3.6.3\conf\repo\org\springframework\boot\spring-boot\2.0.2.RELEASE\spring-boot-2.0.2.RELEASE.jar;E:\Internship\apache-maven-3.6.3\conf\repo\org\springframework\boot\spring-boot-autoconfigure\2.0.2.RELEASE\spring-boot-autoconfigure-2.0.2.RELEASE.jar;E:\Internship\apache-maven-3.6.3\conf\repo\org\springframework\boot\spring-boot-starter-logging\2.0.2.RELEASE\spring-boot-starter-logging-2.0.2.RELEASE.jar;E:\Internship\apache-maven-3.6.3\conf\repo\ch\qos\logback\logback-classic\1.2.3\logback-classic-1.2.3.jar;E:\Internship\apache-maven-3.6.3\conf\repo\ch\qos\logback\logback-core\1.2.3\logback-core-1.2.3.jar;E:\Internship\apache-maven-3.6.3\conf\repo\org\slf4j\slf4j-api\1.7.25\slf4j-api-1.7.25.jar;E:\Internship\apache-maven-3.6.3\conf\repo\org\apache\logging\log4j\log4j-to-slf4j\2.10.0\log4j-to-slf4j-2.10.0.jar;E:\Internship\apache-maven-3.6.3\conf\repo\org\apache\logging\log4j\log4j-api\2.10.0\log4j-api-2.10.0.jar;E:\Internship\apache-maven-3.6.3\conf\repo\org\slf4j\jul-to-slf4j\1.7.25\jul-to-slf4j-1.7.25.jar;E:\Internship\apache-maven-3.6.3\conf\repo\javax\annotation\javax.annotation-api\1.3.2\javax.annotation-api-1.3.2.jar;E:\Internship\apache-maven-3.6.3\conf\repo\org\springframework\spring-core\5.0.6.RELEASE\spring-core-5.0.6.RELEASE.jar;E:\Internship\apache-maven-3.6.3\conf\repo\org\springframework\spring-jcl\5.0.6.RELEASE\spring-jcl-5.0.6.RELEASE.jar;E:\Internship\apache-maven-3.6.3\conf\repo\org\yaml\snakeyaml\1.19\snakeyaml-1.19.jar;E:\Internship\apache-maven-3.6.3\conf\repo\org\springframework\boot\spring-boot-starter-json\2.0.2.RELEASE\spring-boot-starter-json-2.0.2.RELEASE.jar;E:\Internship\apache-maven-3.6.3\conf\repo\com\fasterxml\jackson\core\jackson-databind\2.9.5\jackson-databind-2.9.5.jar;E:\Internship\apache-maven-3.6.3\conf\repo\com\fasterxml\jackson\core\jackson-annotations\2.9.0\jackson-annotations-2.9.0.jar;E:\Internship\apache-maven-3.6.3\conf\repo\com\fasterxml\jackson\core\jackson-core\2.9.5\jackson-core-2.9.5.jar;E:\Internship\apache-maven-3.6.3\conf\repo\com\fasterxml\jackson\datatype\jackson-datatype-jdk8\2.9.5\jackson-datatype-jdk8-2.9.5.jar;E:\Internship\apache-maven-3.6.3\conf\repo\com\fasterxml\jackson\datatype\jackson-datatype-jsr310\2.9.5\jackson-datatype-jsr310-2.9.5.jar;E:\Internship\apache-maven-3.6.3\conf\repo\com\fasterxml\jackson\module\jackson-module-parameter-names\2.9.5\jackson-module-parameter-names-2.9.5.jar;E:\Internship\apache-maven-3.6.3\conf\repo\org\springframework\boot\spring-boot-starter-tomcat\2.0.2.RELEASE\spring-boot-starter-tomcat-2.0.2.RELEASE.jar;E:\Internship\apache-maven-3.6.3\conf\repo\org\apache\tomcat\embed\tomcat-embed-websocket\8.5.31\tomcat-embed-websocket-8.5.31.jar;E:\Internship\apache-maven-3.6.3\conf\repo\org\hibernate\validator\hibernate-validator\6.0.9.Final\hibernate-validator-6.0.9.Final.jar;E:\Internship\apache-maven-3.6.3\conf\repo\javax\validation\validation-api\2.0.1.Final\validation-api-2.0.1.Final.jar;E:\Internship\apache-maven-3.6.3\conf\repo\org\jboss\logging\jboss-logging\3.3.2.Final\jboss-logging-3.3.2.Final.jar;E:\Internship\apache-maven-3.6.3\conf\repo\com\fasterxml\classmate\1.3.4\classmate-1.3.4.jar;E:\Internship\apache-maven-3.6.3\conf\repo\org\springframework\spring-web\5.0.6.RELEASE\spring-web-5.0.6.RELEASE.jar;E:\Internship\apache-maven-3.6.3\conf\repo\org\springframework\spring-beans\5.0.6.RELEASE\spring-beans-5.0.6.RELEASE.jar;E:\Internship\apache-maven-3.6.3\conf\repo\org\springframework\spring-webmvc\5.0.6.RELEASE\spring-webmvc-5.0.6.RELEASE.jar;E:\Internship\apache-maven-3.6.3\conf\repo\org\springframework\spring-aop\5.0.6.RELEASE\spring-aop-5.0.6.RELEASE.jar;E:\Internship\apache-maven-3.6.3\conf\repo\org\springframework\spring-context\5.0.6.RELEASE\spring-context-5.0.6.RELEASE.jar;E:\Internship\apache-maven-3.6.3\conf\repo\org\springframework\spring-expression\5.0.6.RELEASE\spring-expression-5.0.6.RELEASE.jar;E:\Internship\apache-maven-3.6.3\conf\repo\javax\servlet\jstl\1.2\jstl-1.2.jar;E:\Internship\apache-maven-3.6.3\conf\repo\org\apache\tomcat\embed\tomcat-embed-jasper\8.5.31\tomcat-embed-jasper-8.5.31.jar;E:\Internship\apache-maven-3.6.3\conf\repo\org\apache\tomcat\embed\tomcat-embed-core\8.5.31\tomcat-embed-core-8.5.31.jar;E:\Internship\apache-maven-3.6.3\conf\repo\org\apache\tomcat\tomcat-annotations-api\8.5.31\tomcat-annotations-api-8.5.31.jar;E:\Internship\apache-maven-3.6.3\conf\repo\org\apache\tomcat\embed\tomcat-embed-el\8.5.31\tomcat-embed-el-8.5.31.jar;E:\Internship\apache-maven-3.6.3\conf\repo\org\eclipse\jdt\ecj\3.12.3\ecj-3.12.3.jar;"/>
    <property name="sun.cpu.endian" value="little"/>
    <property name="user.home" value="C:\Users\Administrator"/>
    <property name="user.language" value="zh"/>
    <property name="java.specification.vendor" value="Oracle Corporation"/>
    <property name="java.home" value="C:\Program Files\Java\jdk1.8.0_91\jre"/>
    <property name="basedir" value="e:\Internship\demo"/>
    <property name="file.separator" value="\"/>
    <property name="line.separator" value="&#10;"/>
    <property name="java.vm.specification.vendor" value="Oracle Corporation"/>
    <property name="java.specification.name" value="Java Platform API Specification"/>
    <property name="java.awt.graphicsenv" value="sun.awt.Win32GraphicsEnvironment"/>
    <property name="surefire.real.class.path" value="C:\Users\ADMINI~1\AppData\Local\Temp\surefire7007547380258535472\surefirebooter2725111690392312518.jar"/>
    <property name="sun.boot.class.path" value="C:\Program Files\Java\jdk1.8.0_91\jre\lib\resources.jar;C:\Program Files\Java\jdk1.8.0_91\jre\lib\rt.jar;C:\Program Files\Java\jdk1.8.0_91\jre\lib\sunrsasign.jar;C:\Program Files\Java\jdk1.8.0_91\jre\lib\jsse.jar;C:\Program Files\Java\jdk1.8.0_91\jre\lib\jce.jar;C:\Program Files\Java\jdk1.8.0_91\jre\lib\charsets.jar;C:\Program Files\Java\jdk1.8.0_91\jre\lib\jfr.jar;C:\Program Files\Java\jdk1.8.0_91\jre\classes"/>
    <property name="user.script" value=""/>
    <property name="sun.management.compiler" value="HotSpot 64-Bit Tiered Compilers"/>
    <property name="java.runtime.version" value="1.8.0_91-b14"/>
    <property name="user.name" value="Administrator"/>
    <property name="path.separator" value=";"/>
    <property name="os.version" value="10.0"/>
    <property name="java.endorsed.dirs" value="C:\Program Files\Java\jdk1.8.0_91\jre\lib\endorsed"/>
    <property name="java.runtime.name" value="Java(TM) SE Runtime Environment"/>
    <property name="file.encoding" value="GBK"/>
    <property name="java.vm.name" value="Java HotSpot(TM) 64-Bit Server VM"/>
    <property name="localRepository" value="E:\Internship\apache-maven-3.6.3\conf\repo"/>
    <property name="java.vendor.url.bug" value="http://bugreport.sun.com/bugreport/"/>
    <property name="java.io.tmpdir" value="C:\Users\ADMINI~1\AppData\Local\Temp\"/>
    <property name="java.version" value="1.8.0_91"/>
    <property name="user.dir" value="e:\Internship\demo"/>
    <property name="os.arch" value="amd64"/>
    <property name="java.vm.specification.name" value="Java Virtual Machine Specification"/>
    <property name="java.awt.printerjob" value="sun.awt.windows.WPrinterJob"/>
    <property name="sun.os.patch.level" value=""/>
    <property name="java.library.path" value="C:\Program Files\Java\jdk1.8.0_91\jre\bin;C:\Windows\Sun\Java\bin;C:\Windows\system32;C:\Windows;C:\Program Files (x86)\Python37-32\Scripts\;C:\Program Files (x86)\Python37-32\;D:\software\Xftp 6\;C:\ProgramData\Oracle\Java\javapath;C:\Windows\system32;C:\Windows;C:\Windows\System32\Wbem;C:\Windows\System32\WindowsPowerShell\v1.0\;C:\Windows\SysWOW64\5097;C:\Windows\SysWOW64\5097;C:\Windows\SysWOW64;C:\Program Files\Java\jdk1.8.0_91\bin;C:\Program Files\Java\jdk1.8.0_91\jre\bin;E:\Internship\apache-maven-3.6.3\bin;D:\software\TortoiseHg\;F:\Phabricator\arcanist\bin;F:\php;D:\software\Git\Git\cmd;D:\software\TortoiseGit\bin;D:\software\TortoiseSVN\bin;F:\apache-jmeter-3.1/bin;D:\curl\bin;D:\nodeJs;C:\test\apm\wget;D:\software\grep;D:\java\android_eclipse\adt-bundle-windows-x86_64-20140321\sdk\platform-tools;D:\java\android_eclipse\adt-bundle-windows-x86_64-20140321\sdk\tools;C:\Users\Administrator\AppData\Local\Microsoft\WindowsApps;;C:\Users\Administrator\AppData\Local\Programs\Microsoft VS Code\bin;C:\Program Files\JetBrains\IntelliJ IDEA 2019.3\bin;;."/>
    <property name="java.vm.info" value="mixed mode"/>
    <property name="java.vendor" value="Oracle Corporation"/>
    <property name="java.vm.version" value="25.91-b14"/>
    <property name="java.ext.dirs" value="C:\Program Files\Java\jdk1.8.0_91\jre\lib\ext;C:\Windows\Sun\Java\lib\ext"/>
    <property name="sun.io.unicode.encoding" value="UnicodeLittle"/>
    <property name="java.class.version" value="52.0"/>
  </properties>
  <testcase name="shouldAnswerWithTrue" classname="com.lango.demo.AppTest" time="0.006"/>
</testsuite>